[handleMsg]:  {
  key: {
    remoteJid: '5493512275549@s.whatsapp.net',
    fromMe: false,
    id: '3EB010536908C14387D5BE',
    participant: undefined
  },
  messageTimestamp: 1692715907,
  pushName: 'guardiasiges',
  broadcast: false,
  message: Message {
    extendedTextMessage: ExtendedTextMessage {
      text: '( 2 ) vMozo',
      contextInfo: [ContextInfo],
      inviteLinkGroupTypeV2: 0
    },
    messageContextInfo: MessageContextInfo {
      deviceListMetadata: [DeviceListMetadata],
      deviceListMetadataVersion: 2
    }
  },
  body: '( 2 ) vMozo',
  from: '5493512275549'
}
[handleMsg]:  {
  key: {
    remoteJid: '5493512275549@s.whatsapp.net',
    fromMe: false,
    id: '3EB09CB565969B08BEE0A1',
    participant: undefined
  },
  messageTimestamp: 1692715909,
  pushName: 'guardiasiges',
  broadcast: false,
  message: Message {
    extendedTextMessage: ExtendedTextMessage {
      text: '6',
      contextInfo: [ContextInfo],
      inviteLinkGroupTypeV2: 0
    },
    messageContextInfo: MessageContextInfo {
      deviceListMetadata: [DeviceListMetadata],
      deviceListMetadataVersion: 2
    }
  },
  body: '6',
  from: '5493512275549'
}
[handleMsg]:  {
  key: {
    remoteJid: '5493512275549@s.whatsapp.net',
    fromMe: false,
    id: '3EB00AC8E71B024148327A',
    participant: undefined
  },
  messageTimestamp: 1692715911,
  pushName: 'guardiasiges',
  broadcast: false,
  message: Message {
    extendedTextMessage: ExtendedTextMessage {
      text: 'si',
      contextInfo: [ContextInfo],
      inviteLinkGroupTypeV2: 0
    },
    messageContextInfo: MessageContextInfo {
      deviceListMetadata: [DeviceListMetadata],
      deviceListMetadataVersion: 2
    }
  },
  body: 'si',
  from: '5493512275549'
}
[handleMsg]:  {
  key: {
    remoteJid: '5493512275549@s.whatsapp.net',
    fromMe: false,
    id: '3EB062F3402C8222E958BE',
    participant: undefined
  },
  messageTimestamp: 1692715913,
  pushName: 'guardiasiges',
  broadcast: false,
  message: Message {
    extendedTextMessage: ExtendedTextMessage {
      text: '1',
      contextInfo: [ContextInfo],
      inviteLinkGroupTypeV2: 0
    },
    messageContextInfo: MessageContextInfo {
      deviceListMetadata: [DeviceListMetadata],
      deviceListMetadataVersion: 2
    }
  },
  body: '1',
  from: '5493512275549'
}
[handleMsg]:  {
  key: {
    remoteJid: '5493512275549@s.whatsapp.net',
    fromMe: false,
    id: '3EB01953D4CEFB9319183D',
    participant: undefined
  },
  messageTimestamp: 1692715914,
  pushName: 'guardiasiges',
  broadcast: false,
  message: Message {
    extendedTextMessage: ExtendedTextMessage {
      text: '1',
      contextInfo: [ContextInfo],
      inviteLinkGroupTypeV2: 0
    },
    messageContextInfo: MessageContextInfo {
      deviceListMetadata: [DeviceListMetadata],
      deviceListMetadataVersion: 2
    }
  },
  body: '1',
  from: '5493512275549'
}
[handleMsg]:  {
  key: {
    remoteJid: '5493512275549@s.whatsapp.net',
    fromMe: false,
    id: '3EB02829336B225B953920',
    participant: undefined
  },
  messageTimestamp: 1692715915,
  pushName: 'guardiasiges',
  broadcast: false,
  message: Message {
    extendedTextMessage: ExtendedTextMessage {
      text: '1',
      contextInfo: [ContextInfo],
      inviteLinkGroupTypeV2: 0
    },
    messageContextInfo: MessageContextInfo {
      deviceListMetadata: [DeviceListMetadata],
      deviceListMetadataVersion: 2
    }
  },
  body: '1',
  from: '5493512275549'
}
[handleMsg]:  {
  key: {
    remoteJid: '5493512275549@s.whatsapp.net',
    fromMe: false,
    id: '3EB0BD064BEDA8FE86DDAA',
    participant: undefined
  },
  messageTimestamp: 1692715917,
  pushName: 'guardiasiges',
  broadcast: false,
  message: Message {
    extendedTextMessage: ExtendedTextMessage {
      text: '1',
      contextInfo: [ContextInfo],
      inviteLinkGroupTypeV2: 0
    },
    messageContextInfo: MessageContextInfo {
      deviceListMetadata: [DeviceListMetadata],
      deviceListMetadataVersion: 2
    }
  },
  body: '1',
  from: '5493512275549'
}
